<?xml version="1.0" encoding="UTF-8"?>
<!-- Generated by org.testng.reporters.JUnitReportReporter -->
<testsuite skipped="0" hostname="user-PC" name="GenericScripts.Test12" tests="1" failures="0" timestamp="04 Mar 2021 08:19:16 GMT" time="0.003" errors="0">
  <testcase name="assertTest" time="0.003" classname="GenericScripts.Test12"/>
</testsuite> <!-- GenericScripts.Test12 -->
